Using pre-set license
Built from '2020.3/staging' branch; Version is '2020.3.24f1 (79c78de19888) revision 7980941'; Using compiler version '192528614'; Build Type 'Release'
OS: 'Windows 10  (10.0.19045) 64bit Professional' Language: 'ru' Physical Memory: 16334 MB
BatchMode: 1, IsHumanControllingUs: 0, StartBugReporterOnCrash: 0, Is64bit: 1, IsPro: 0

COMMAND LINE ARGUMENTS:
D:\Unity Engine\2020.3.24f1\Editor\Unity.exe
-adb2
-batchMode
-noUpm
-name
AssetImportWorker0
-projectPath
D:/Unity Engine/GitHub Repositories/InfinityWar
-logFile
Logs/AssetImportWorker0.log
-srvPort
64913
Successfully changed project path to: D:/Unity Engine/GitHub Repositories/InfinityWar
D:/Unity Engine/GitHub Repositories/InfinityWar
Using Asset Import Pipeline V2.
Refreshing native plugins compatible for Editor in 38.42 ms, found 3 plugins.
Preloading 0 native plugins for Editor in 0.00 ms.
Initialize engine version: 2020.3.24f1 (79c78de19888)
[Subsystems] Discovering subsystems at path D:/Unity Engine/2020.3.24f1/Editor/Data/Resources/UnitySubsystems
[Subsystems] Discovering subsystems at path D:/Unity Engine/GitHub Repositories/InfinityWar/Assets
GfxDevice: creating device client; threaded=0
Direct3D:
    Version:  Direct3D 11.0 [level 11.1]
    Renderer: Radeon RX 580 Series (ID=0x67df)
    Vendor:   
    VRAM:     8170 MB
    Driver:   31.0.12029.7019
Initialize mono
Mono path[0] = 'D:/Unity Engine/2020.3.24f1/Editor/Data/Managed'
Mono path[1] = 'D:/Unity Engine/2020.3.24f1/Editor/Data/MonoBleedingEdge/lib/mono/unityjit'
Mono config path = 'D:/Unity Engine/2020.3.24f1/Editor/Data/MonoBleedingEdge/etc'
Using monoOptions --debugger-agent=transport=dt_socket,embedding=1,server=y,suspend=n,address=127.0.0.1:56036
Begin MonoManager ReloadAssembly
Registering precompiled unity dll's ...
Register platform support module: D:/Unity Engine/2020.3.24f1/Editor/Data/PlaybackEngines/WindowsStandaloneSupport/UnityEditor.WindowsStandalone.Extensions.dll
Registered in 0.000827 seconds.
Native extension for WindowsStandalone target not found
Refreshing native plugins compatible for Editor in 38.75 ms, found 3 plugins.
Preloading 0 native plugins for Editor in 0.00 ms.
Mono: successfully reloaded assembly
- Completed reload, in  0.470 seconds
Domain Reload Profiling:
	ReloadAssembly (470ms)
		BeginReloadAssembly (42ms)
			ExecutionOrderSort (0ms)
			DisableScriptedObjects (0ms)
			BackupInstance (0ms)
			ReleaseScriptingObjects (0ms)
			CreateAndSetChildDomain (1ms)
		EndReloadAssembly (372ms)
			LoadAssemblies (40ms)
			RebuildTransferFunctionScriptingTraits (0ms)
			SetupTypeCache (117ms)
			ReleaseScriptCaches (0ms)
			RebuildScriptCaches (30ms)
			SetupLoadedEditorAssemblies (145ms)
				LogAssemblyErrors (0ms)
				InitializePlatformSupportModulesInManaged (3ms)
				SetLoadedEditorAssemblies (0ms)
				RefreshPlugins (39ms)
				BeforeProcessingInitializeOnLoad (14ms)
				ProcessInitializeOnLoadAttributes (67ms)
				ProcessInitializeOnLoadMethodAttributes (22ms)
				AfterProcessingInitializeOnLoad (0ms)
				EditorAssembliesLoaded (0ms)
			ExecutionOrderSort2 (0ms)
			AwakeInstancesAfterBackupRestoration (0ms)
Platform modules already initialized, skipping
Registering precompiled user dll's ...
Registered in 0.002635 seconds.
Begin MonoManager ReloadAssembly
Native extension for WindowsStandalone target not found
Refreshing native plugins compatible for Editor in 37.91 ms, found 3 plugins.
Preloading 0 native plugins for Editor in 0.00 ms.
Mono: successfully reloaded assembly
- Completed reload, in  0.925 seconds
Domain Reload Profiling:
	ReloadAssembly (926ms)
		BeginReloadAssembly (116ms)
			ExecutionOrderSort (0ms)
			DisableScriptedObjects (4ms)
			BackupInstance (0ms)
			ReleaseScriptingObjects (0ms)
			CreateAndSetChildDomain (16ms)
		EndReloadAssembly (761ms)
			LoadAssemblies (69ms)
			RebuildTransferFunctionScriptingTraits (0ms)
			SetupTypeCache (239ms)
			ReleaseScriptCaches (1ms)
			RebuildScriptCaches (52ms)
			SetupLoadedEditorAssemblies (301ms)
				LogAssemblyErrors (0ms)
				InitializePlatformSupportModulesInManaged (3ms)
				SetLoadedEditorAssemblies (0ms)
				RefreshPlugins (38ms)
				BeforeProcessingInitializeOnLoad (72ms)
				ProcessInitializeOnLoadAttributes (172ms)
				ProcessInitializeOnLoadMethodAttributes (14ms)
				AfterProcessingInitializeOnLoad (2ms)
				EditorAssembliesLoaded (0ms)
			ExecutionOrderSort2 (0ms)
			AwakeInstancesAfterBackupRestoration (5ms)
Platform modules already initialized, skipping
========================================================================
Worker process is ready to serve import requests
Launched and connected shader compiler UnityShaderCompiler.exe after 0.03 seconds
Refreshing native plugins compatible for Editor in 0.54 ms, found 3 plugins.
Preloading 0 native plugins for Editor in 0.00 ms.
Unloading 2285 Unused Serialized files (Serialized files now loaded: 0)
System memory in use before: 98.4 MB.
System memory in use after: 98.6 MB.

Unloading 28 unused Assets to reduce memory usage. Loaded Objects now: 2718.
Total: 2.996500 ms (FindLiveObjects: 0.274300 ms CreateObjectMapping: 0.058000 ms MarkObjects: 2.603600 ms  DeleteObjects: 0.059600 ms)

AssetImportParameters requested are different than current active one (requested -> active):
  custom:framework-win-MediaFoundation: 216162199b28c13a410421893ffa2e32 -> 
  custom:video-decoder-ogg-theora: a1e56fd34408186e4bbccfd4996cb3dc -> 
  custom:container-muxer-webm: aa71ff27fc2769a1b78a27578f13a17b -> 
  custom:container-demuxer-webm: 4f35f7cbe854078d1ac9338744f61a02 -> 
  custom:container-demuxer-ogg: 62fdf1f143b41e24485cea50d1cbac27 -> 
  custom:video-encoder-webm-vp8: eb34c28f22e8b96e1ab97ce403110664 -> 
  custom:video-decoder-webm-vp8: 9c59270c3fd7afecdb556c50c9e8de78 -> 
  custom:audio-decoder-ogg-vorbis: bf7c407c2cedff20999df2af8eb42d56 -> 
  custom:audio-encoder-webm-vorbis: bf7c407c2cedff20999df2af8eb42d56 -> 
========================================================================
Received Import Request.
  path: Assets/_Prefabs/Warrioirs/Archer.prefab
  artifactKey: Guid(7a72723681bca1440bcf1b10c4c65062) Importer(815301076,1909f56bfc062723c751e8b465ee728b)
Start importing Assets/_Prefabs/Warrioirs/Archer.prefab using Guid(7a72723681bca1440bcf1b10c4c65062) Importer(815301076,1909f56bfc062723c751e8b465ee728b)  -> (artifact id: '65af5f266bdb01fbd6f0b26bca26739a') in 0.092141 seconds 
  Import took 0.095425 seconds .

========================================================================
Received Import Request.
  Time since last request: 2.362270 seconds.
  path: Assets/_Prefabs/Warrioirs/Archer.prefab
  artifactKey: Guid(7a72723681bca1440bcf1b10c4c65062) Importer(815301076,1909f56bfc062723c751e8b465ee728b)
Start importing Assets/_Prefabs/Warrioirs/Archer.prefab using Guid(7a72723681bca1440bcf1b10c4c65062) Importer(815301076,1909f56bfc062723c751e8b465ee728b)  -> (artifact id: 'cbf7c6db00fa49491258f86621787c92') in 0.012154 seconds 
  Import took 0.015872 seconds .

========================================================================
Received Import Request.
  Time since last request: 5.453339 seconds.
  path: Assets/_Prefabs/Warrioirs/Demon.prefab
  artifactKey: Guid(db83acac97cb41e4e80c4f09ba8dfd86) Importer(815301076,1909f56bfc062723c751e8b465ee728b)
Start importing Assets/_Prefabs/Warrioirs/Demon.prefab using Guid(db83acac97cb41e4e80c4f09ba8dfd86) Importer(815301076,1909f56bfc062723c751e8b465ee728b)  -> (artifact id: 'e4904f9f93bf3e98842c462931273d5c') in 0.010710 seconds 
  Import took 0.014597 seconds .

========================================================================
Received Import Request.
  Time since last request: 4.770522 seconds.
  path: Assets/_Prefabs/Warrioirs/Range Zombie.prefab
  artifactKey: Guid(e1d75e256b111824eb74b66fb7c84370) Importer(815301076,1909f56bfc062723c751e8b465ee728b)
Start importing Assets/_Prefabs/Warrioirs/Range Zombie.prefab using Guid(e1d75e256b111824eb74b66fb7c84370) Importer(815301076,1909f56bfc062723c751e8b465ee728b)  -> (artifact id: '5854b353648fa455374db4fdbf1034ac') in 0.012324 seconds 
  Import took 0.015901 seconds .

========================================================================
Received Import Request.
  Time since last request: 3.032271 seconds.
  path: Assets/_Prefabs/Warrioirs/Melee Zombie.prefab
  artifactKey: Guid(78da0dd2673b161418315f36d1caa9e9) Importer(815301076,1909f56bfc062723c751e8b465ee728b)
Start importing Assets/_Prefabs/Warrioirs/Melee Zombie.prefab using Guid(78da0dd2673b161418315f36d1caa9e9) Importer(815301076,1909f56bfc062723c751e8b465ee728b)  -> (artifact id: 'c687685ee9546b67090c046f380fa56c') in 0.010292 seconds 
  Import took 0.013851 seconds .

========================================================================
Received Import Request.
  Time since last request: 7.930210 seconds.
  path: Assets/_Prefabs/Warrioirs/Melee Zombie.prefab
  artifactKey: Guid(78da0dd2673b161418315f36d1caa9e9) Importer(815301076,1909f56bfc062723c751e8b465ee728b)
Start importing Assets/_Prefabs/Warrioirs/Melee Zombie.prefab using Guid(78da0dd2673b161418315f36d1caa9e9) Importer(815301076,1909f56bfc062723c751e8b465ee728b)  -> (artifact id: '6bdd4f7e76ef46456fcc2f94375c2563') in 0.010808 seconds 
  Import took 0.014375 seconds .

========================================================================
Received Import Request.
  Time since last request: 2.472563 seconds.
  path: Assets/_Prefabs/Warrioirs/Melee Zombie.prefab
  artifactKey: Guid(78da0dd2673b161418315f36d1caa9e9) Importer(815301076,1909f56bfc062723c751e8b465ee728b)
Start importing Assets/_Prefabs/Warrioirs/Melee Zombie.prefab using Guid(78da0dd2673b161418315f36d1caa9e9) Importer(815301076,1909f56bfc062723c751e8b465ee728b)  -> (artifact id: '2fbf3ce5b892f39c84709ee41e551471') in 0.009905 seconds 
  Import took 0.013467 seconds .

========================================================================
Received Import Request.
  Time since last request: 15.251567 seconds.
  path: Assets/_Prefabs/Warrioirs/Melee Zombie.prefab
  artifactKey: Guid(78da0dd2673b161418315f36d1caa9e9) Importer(815301076,1909f56bfc062723c751e8b465ee728b)
Start importing Assets/_Prefabs/Warrioirs/Melee Zombie.prefab using Guid(78da0dd2673b161418315f36d1caa9e9) Importer(815301076,1909f56bfc062723c751e8b465ee728b)  -> (artifact id: 'fb0fcb292543cfbaa78f5ccc31842b15') in 0.009073 seconds 
  Import took 0.012975 seconds .

========================================================================
Received Import Request.
  Time since last request: 2.147259 seconds.
  path: Assets/_Prefabs/Warrioirs/Range Zombie.prefab
  artifactKey: Guid(e1d75e256b111824eb74b66fb7c84370) Importer(815301076,1909f56bfc062723c751e8b465ee728b)
Start importing Assets/_Prefabs/Warrioirs/Range Zombie.prefab using Guid(e1d75e256b111824eb74b66fb7c84370) Importer(815301076,1909f56bfc062723c751e8b465ee728b)  -> (artifact id: '65d323474449288ef31584a796f0250b') in 0.009503 seconds 
  Import took 0.013031 seconds .

========================================================================
Received Import Request.
  Time since last request: 21.067511 seconds.
  path: Assets/_Scripts/Projectiles/Collision Behaviors/Damage Deal Behaviors/Simple Hit/Arrow Hit.asset
  artifactKey: Guid(6d9dd9807c553b24fa3414a416ed8b8e) Importer(815301076,1909f56bfc062723c751e8b465ee728b)
Start importing Assets/_Scripts/Projectiles/Collision Behaviors/Damage Deal Behaviors/Simple Hit/Arrow Hit.asset using Guid(6d9dd9807c553b24fa3414a416ed8b8e) Importer(815301076,1909f56bfc062723c751e8b465ee728b)  -> (artifact id: '5112b690ee1003776093138b8e4f5573') in 0.006799 seconds 
  Import took 0.010221 seconds .

========================================================================
Received Import Request.
  Time since last request: 19.517624 seconds.
  path: Assets/_Prefabs/Warrioirs/Hunter.prefab
  artifactKey: Guid(4b8dfffb9a4002f47bc0ddd3d8e45d79) Importer(815301076,1909f56bfc062723c751e8b465ee728b)
Start importing Assets/_Prefabs/Warrioirs/Hunter.prefab using Guid(4b8dfffb9a4002f47bc0ddd3d8e45d79) Importer(815301076,1909f56bfc062723c751e8b465ee728b)  -> (artifact id: 'c7f4de041d027958c13d958cfb3a754a') in 0.014102 seconds 
  Import took 0.017678 seconds .

========================================================================
Received Import Request.
  Time since last request: 30.079085 seconds.
  path: Assets/_Scriptables/Fraction Data/Game Fractions/Zombies.asset
  artifactKey: Guid(587b371751ebf3a489da2acba17fcca7) Importer(815301076,1909f56bfc062723c751e8b465ee728b)
Start importing Assets/_Scriptables/Fraction Data/Game Fractions/Zombies.asset using Guid(587b371751ebf3a489da2acba17fcca7) Importer(815301076,1909f56bfc062723c751e8b465ee728b)  -> (artifact id: '2fcfdc456651621897a4441c93214b35') in 0.008218 seconds 
  Import took 0.011821 seconds .

========================================================================
Received Prepare
Registering precompiled user dll's ...
Registered in 0.002495 seconds.
Begin MonoManager ReloadAssembly
Native extension for WindowsStandalone target not found
Refreshing native plugins compatible for Editor in 0.57 ms, found 3 plugins.
Preloading 0 native plugins for Editor in 0.00 ms.
Mono: successfully reloaded assembly
- Completed reload, in  0.841 seconds
Domain Reload Profiling:
	ReloadAssembly (842ms)
		BeginReloadAssembly (102ms)
			ExecutionOrderSort (0ms)
			DisableScriptedObjects (5ms)
			BackupInstance (0ms)
			ReleaseScriptingObjects (0ms)
			CreateAndSetChildDomain (32ms)
		EndReloadAssembly (694ms)
			LoadAssemblies (67ms)
			RebuildTransferFunctionScriptingTraits (0ms)
			SetupTypeCache (237ms)
			ReleaseScriptCaches (1ms)
			RebuildScriptCaches (46ms)
			SetupLoadedEditorAssemblies (258ms)
				LogAssemblyErrors (0ms)
				InitializePlatformSupportModulesInManaged (3ms)
				SetLoadedEditorAssemblies (0ms)
				RefreshPlugins (1ms)
				BeforeProcessingInitializeOnLoad (70ms)
				ProcessInitializeOnLoadAttributes (173ms)
				ProcessInitializeOnLoadMethodAttributes (10ms)
				AfterProcessingInitializeOnLoad (2ms)
				EditorAssembliesLoaded (0ms)
			ExecutionOrderSort2 (0ms)
			AwakeInstancesAfterBackupRestoration (7ms)
Platform modules already initialized, skipping
Switching build target platform(19) subTarget(0) extendedPlatform(0) -> platform(13) subTarget(537395200) extendedPlatform(0)
Refreshing native plugins compatible for Editor in 0.55 ms, found 3 plugins.
Preloading 0 native plugins for Editor in 0.00 ms.
Unloading 2277 Unused Serialized files (Serialized files now loaded: 0)
System memory in use before: 100.9 MB.
System memory in use after: 101.1 MB.

Unloading 17 unused Assets to reduce memory usage. Loaded Objects now: 2727.
Total: 2.955000 ms (FindLiveObjects: 0.245900 ms CreateObjectMapping: 0.056800 ms MarkObjects: 2.636900 ms  DeleteObjects: 0.014300 ms)

AssetImportParameters requested are different than current active one (requested -> active):
  custom:framework-win-MediaFoundation: 216162199b28c13a410421893ffa2e32 -> 
  custom:video-decoder-ogg-theora: a1e56fd34408186e4bbccfd4996cb3dc -> 
  custom:container-muxer-webm: aa71ff27fc2769a1b78a27578f13a17b -> 
  custom:container-demuxer-webm: 4f35f7cbe854078d1ac9338744f61a02 -> 
  custom:container-demuxer-ogg: 62fdf1f143b41e24485cea50d1cbac27 -> 
  custom:video-encoder-webm-vp8: eb34c28f22e8b96e1ab97ce403110664 -> 
  custom:video-decoder-webm-vp8: 9c59270c3fd7afecdb556c50c9e8de78 -> 
  custom:graphics/normal-map-encoding: 01000000000000000000000000000000 -> 02000000000000000000000000000000
  custom:audio-decoder-ogg-vorbis: bf7c407c2cedff20999df2af8eb42d56 -> 
  custom:audio-encoder-webm-vorbis: bf7c407c2cedff20999df2af8eb42d56 -> 
========================================================================
Received Import Request.
  Time since last request: 149.824234 seconds.
  path: Assets/_Prefabs/Warrioirs/Swordman.prefab
  artifactKey: Guid(b7ffb1e5c6ce04c428227526b6add752) Importer(815301076,1909f56bfc062723c751e8b465ee728b)
Start importing Assets/_Prefabs/Warrioirs/Swordman.prefab using Guid(b7ffb1e5c6ce04c428227526b6add752) Importer(815301076,1909f56bfc062723c751e8b465ee728b)  -> (artifact id: 'bda2ff6e0f4815ddf622fd96f1e61a7b') in 0.051096 seconds 
  Import took 0.055288 seconds .

========================================================================
Received Import Request.
  Time since last request: 43.248304 seconds.
  path: Assets/_Prefabs/Warrioirs/Archer.prefab
  artifactKey: Guid(7a72723681bca1440bcf1b10c4c65062) Importer(815301076,1909f56bfc062723c751e8b465ee728b)
Start importing Assets/_Prefabs/Warrioirs/Archer.prefab using Guid(7a72723681bca1440bcf1b10c4c65062) Importer(815301076,1909f56bfc062723c751e8b465ee728b)  -> (artifact id: '00c0966cefe9c0c3b467bff985f9e67a') in 0.012580 seconds 
  Import took 0.016150 seconds .

========================================================================
Received Import Request.
  Time since last request: 31.530881 seconds.
  path: Assets/_Scriptables/Fraction Data/Game Fractions/Zombies.asset
  artifactKey: Guid(587b371751ebf3a489da2acba17fcca7) Importer(815301076,1909f56bfc062723c751e8b465ee728b)
Start importing Assets/_Scriptables/Fraction Data/Game Fractions/Zombies.asset using Guid(587b371751ebf3a489da2acba17fcca7) Importer(815301076,1909f56bfc062723c751e8b465ee728b)  -> (artifact id: '179ffd77bd7468b9b9a29e5e619c461f') in 0.005658 seconds 
  Import took 0.009334 seconds .

========================================================================
Received Import Request.
  Time since last request: 16.234535 seconds.
  path: Assets/_Scriptables/Fraction Data/Game Fractions/Humans.asset
  artifactKey: Guid(737c80d3f8c92de47959cce5ef68e7b9) Importer(815301076,1909f56bfc062723c751e8b465ee728b)
Start importing Assets/_Scriptables/Fraction Data/Game Fractions/Humans.asset using Guid(737c80d3f8c92de47959cce5ef68e7b9) Importer(815301076,1909f56bfc062723c751e8b465ee728b)  -> (artifact id: 'd3efca0fcf9f0292da3b561a02c01b9c') in 0.007470 seconds 
  Import took 0.011109 seconds .

========================================================================
Received Import Request.
  Time since last request: 6.693901 seconds.
  path: Assets/_Scriptables/Fraction Data/Game Fractions/Demons.asset
  artifactKey: Guid(29f29cb075fb97e4c9c91e34cf242d35) Importer(815301076,1909f56bfc062723c751e8b465ee728b)
Start importing Assets/_Scriptables/Fraction Data/Game Fractions/Demons.asset using Guid(29f29cb075fb97e4c9c91e34cf242d35) Importer(815301076,1909f56bfc062723c751e8b465ee728b)  -> (artifact id: '5ce341cad6b25292ad0c41cad9f14481') in 0.006157 seconds 
  Import took 0.009839 seconds .

========================================================================
Received Import Request.
  Time since last request: 4.188547 seconds.
  path: Assets/_Scriptables/Fraction Data/Game Fractions/Elfs.asset
  artifactKey: Guid(c997cf203856f3044992dc309d3ea02f) Importer(815301076,1909f56bfc062723c751e8b465ee728b)
Start importing Assets/_Scriptables/Fraction Data/Game Fractions/Elfs.asset using Guid(c997cf203856f3044992dc309d3ea02f) Importer(815301076,1909f56bfc062723c751e8b465ee728b)  -> (artifact id: '53c3ab102ff3aa5159ef77c0113bcc4d') in 0.016971 seconds 
  Import took 0.020703 seconds .

========================================================================
Received Prepare
Registering precompiled user dll's ...
Registered in 0.002519 seconds.
Begin MonoManager ReloadAssembly
Native extension for WindowsStandalone target not found
Refreshing native plugins compatible for Editor in 0.56 ms, found 3 plugins.
Preloading 0 native plugins for Editor in 0.00 ms.
Mono: successfully reloaded assembly
- Completed reload, in  0.827 seconds
Domain Reload Profiling:
	ReloadAssembly (828ms)
		BeginReloadAssembly (94ms)
			ExecutionOrderSort (0ms)
			DisableScriptedObjects (5ms)
			BackupInstance (0ms)
			ReleaseScriptingObjects (0ms)
			CreateAndSetChildDomain (30ms)
		EndReloadAssembly (687ms)
			LoadAssemblies (67ms)
			RebuildTransferFunctionScriptingTraits (0ms)
			SetupTypeCache (232ms)
			ReleaseScriptCaches (1ms)
			RebuildScriptCaches (45ms)
			SetupLoadedEditorAssemblies (253ms)
				LogAssemblyErrors (0ms)
				InitializePlatformSupportModulesInManaged (3ms)
				SetLoadedEditorAssemblies (0ms)
				RefreshPlugins (1ms)
				BeforeProcessingInitializeOnLoad (70ms)
				ProcessInitializeOnLoadAttributes (168ms)
				ProcessInitializeOnLoadMethodAttributes (9ms)
				AfterProcessingInitializeOnLoad (2ms)
				EditorAssembliesLoaded (0ms)
			ExecutionOrderSort2 (0ms)
			AwakeInstancesAfterBackupRestoration (7ms)
Platform modules already initialized, skipping
Switching build target platform(19) subTarget(0) extendedPlatform(0) -> platform(13) subTarget(537395200) extendedPlatform(0)
Refreshing native plugins compatible for Editor in 0.43 ms, found 3 plugins.
Preloading 0 native plugins for Editor in 0.00 ms.
Unloading 2277 Unused Serialized files (Serialized files now loaded: 0)
System memory in use before: 101.0 MB.
System memory in use after: 101.2 MB.

Unloading 17 unused Assets to reduce memory usage. Loaded Objects now: 2730.
Total: 3.002600 ms (FindLiveObjects: 0.272700 ms CreateObjectMapping: 0.066700 ms MarkObjects: 2.646800 ms  DeleteObjects: 0.014900 ms)

AssetImportParameters requested are different than current active one (requested -> active):
  custom:framework-win-MediaFoundation: 216162199b28c13a410421893ffa2e32 -> 
  custom:video-decoder-ogg-theora: a1e56fd34408186e4bbccfd4996cb3dc -> 
  custom:container-muxer-webm: aa71ff27fc2769a1b78a27578f13a17b -> 
  custom:container-demuxer-webm: 4f35f7cbe854078d1ac9338744f61a02 -> 
  custom:container-demuxer-ogg: 62fdf1f143b41e24485cea50d1cbac27 -> 
  custom:video-encoder-webm-vp8: eb34c28f22e8b96e1ab97ce403110664 -> 
  custom:video-decoder-webm-vp8: 9c59270c3fd7afecdb556c50c9e8de78 -> 
  custom:graphics/normal-map-encoding: 01000000000000000000000000000000 -> 02000000000000000000000000000000
  custom:audio-decoder-ogg-vorbis: bf7c407c2cedff20999df2af8eb42d56 -> 
  custom:audio-encoder-webm-vorbis: bf7c407c2cedff20999df2af8eb42d56 -> 
========================================================================
Received Import Request.
  Time since last request: 293.580894 seconds.
  path: Assets/_Scriptables/Fraction Data/Game Fractions/Demons.asset
  artifactKey: Guid(29f29cb075fb97e4c9c91e34cf242d35) Importer(815301076,1909f56bfc062723c751e8b465ee728b)
Start importing Assets/_Scriptables/Fraction Data/Game Fractions/Demons.asset using Guid(29f29cb075fb97e4c9c91e34cf242d35) Importer(815301076,1909f56bfc062723c751e8b465ee728b)  -> (artifact id: 'eafcd399a3f835c2ac51a95afae3b06d') in 0.018867 seconds 
  Import took 0.022523 seconds .

========================================================================
Received Import Request.
  Time since last request: 0.000180 seconds.
  path: Assets/_Scriptables/Fraction Data/Game Fractions/Humans.asset
  artifactKey: Guid(737c80d3f8c92de47959cce5ef68e7b9) Importer(815301076,1909f56bfc062723c751e8b465ee728b)
Start importing Assets/_Scriptables/Fraction Data/Game Fractions/Humans.asset using Guid(737c80d3f8c92de47959cce5ef68e7b9) Importer(815301076,1909f56bfc062723c751e8b465ee728b)  -> (artifact id: '99398eb652a97ae26c1736120ed08c36') in 0.005994 seconds 
  Import took 0.009293 seconds .

========================================================================
Received Import Request.
  Time since last request: 0.000187 seconds.
  path: Assets/_Scriptables/Fraction Data/Game Fractions/Elfs.asset
  artifactKey: Guid(c997cf203856f3044992dc309d3ea02f) Importer(815301076,1909f56bfc062723c751e8b465ee728b)
Start importing Assets/_Scriptables/Fraction Data/Game Fractions/Elfs.asset using Guid(c997cf203856f3044992dc309d3ea02f) Importer(815301076,1909f56bfc062723c751e8b465ee728b)  -> (artifact id: 'feac210ce607645e11b7934b53fa3709') in 0.011754 seconds 
  Import took 0.015607 seconds .

========================================================================
Received Import Request.
  Time since last request: 0.000182 seconds.
  path: Assets/_Scriptables/Fraction Data/Game Fractions/Zombies.asset
  artifactKey: Guid(587b371751ebf3a489da2acba17fcca7) Importer(815301076,1909f56bfc062723c751e8b465ee728b)
Start importing Assets/_Scriptables/Fraction Data/Game Fractions/Zombies.asset using Guid(587b371751ebf3a489da2acba17fcca7) Importer(815301076,1909f56bfc062723c751e8b465ee728b)  -> (artifact id: '1a5e1997578e3eb75879c8156724f25f') in 0.005205 seconds 
  Import took 0.008268 seconds .

AssetImportWorkerClient::OnTransportError - code=2 error=End of file
